Using pre-set license
Built from '2020.3/staging' branch; Version is '2020.3.4f1 (0abb6314276a) revision 703331'; Using compiler version '192528614'; Build Type 'Release'
OS: 'Windows 10 Pro; OS build 19042.985; Version 2009; 64bit' Language: 'ru' Physical Memory: 16326 MB
BatchMode: 1, IsHumanControllingUs: 0, StartBugReporterOnCrash: 0, Is64bit: 1, IsPro: 0

 COMMAND LINE ARGUMENTS:
C:\Program Files\Unity\Hub\Editor\2020.3.4f1\Editor\Unity.exe
-adb2
-batchMode
-noUpm
-name
AssetImportWorker1
-projectPath
E:/Unity/RTS
-logFile
Logs/AssetImportWorker1.log
-srvPort
56853
Successfully changed project path to: E:/Unity/RTS
E:/Unity/RTS
Using Asset Import Pipeline V2.
Refreshing native plugins compatible for Editor in 152.06 ms, found 0 plugins.
Preloading 0 native plugins for Editor in 0.00 ms.
Initialize engine version: 2020.3.4f1 (0abb6314276a)
[Subsystems] Discovering subsystems at path C:/Program Files/Unity/Hub/Editor/2020.3.4f1/Editor/Data/Resources/UnitySubsystems
[Subsystems] Discovering subsystems at path E:/Unity/RTS/Assets
GfxDevice: creating device client; threaded=0
Direct3D:
    Version:  Direct3D 11.0 [level 11.1]
    Renderer: NVIDIA GeForce RTX 2060 (ID=0x1e89)
    Vendor:   
    VRAM:     5967 MB
    Driver:   27.21.14.6647
Initialize mono
Mono path[0] = 'C:/Program Files/Unity/Hub/Editor/2020.3.4f1/Editor/Data/Managed'
Mono path[1] = 'C:/Program Files/Unity/Hub/Editor/2020.3.4f1/Editor/Data/MonoBleedingEdge/lib/mono/unityjit'
Mono config path = 'C:/Program Files/Unity/Hub/Editor/2020.3.4f1/Editor/Data/MonoBleedingEdge/etc'
Using monoOptions --debugger-agent=transport=dt_socket,embedding=1,server=y,suspend=n,address=127.0.0.1:56328
Begin MonoManager ReloadAssembly
Registering precompiled unity dll's ...
Register platform support module: C:/Program Files/Unity/Hub/Editor/2020.3.4f1/Editor/Data/PlaybackEngines/WindowsStandaloneSupport/UnityEditor.WindowsStandalone.Extensions.dll
Registered in 0.003406 seconds.
Native extension for WindowsStandalone target not found
Refreshing native plugins compatible for Editor in 35.27 ms, found 0 plugins.
Preloading 0 native plugins for Editor in 0.00 ms.
Mono: successfully reloaded assembly
- Completed reload, in  5.486 seconds
Platform modules already initialized, skipping
Registering precompiled user dll's ...
Registered in 0.001275 seconds.
Begin MonoManager ReloadAssembly
Native extension for WindowsStandalone target not found
Refreshing native plugins compatible for Editor in 0.26 ms, found 0 plugins.
Preloading 0 native plugins for Editor in 0.00 ms.
Mono: successfully reloaded assembly
- Completed reload, in  3.654 seconds
Platform modules already initialized, skipping
========================================================================
Worker process is ready to serve import requests
Launched and connected shader compiler UnityShaderCompiler.exe after 0.06 seconds
Refreshing native plugins compatible for Editor in 0.27 ms, found 0 plugins.
Preloading 0 native plugins for Editor in 0.00 ms.
Unloading 1192 Unused Serialized files (Serialized files now loaded: 0)
System memory in use before: 68.2 MB.
System memory in use after: 68.2 MB.

Unloading 9 unused Assets to reduce memory usage. Loaded Objects now: 1640.
Total: 24.429600 ms (FindLiveObjects: 0.172000 ms CreateObjectMapping: 0.090200 ms MarkObjects: 24.018100 ms  DeleteObjects: 0.147200 ms)

========================================================================
Received Import Request.
  path: Assets/Scripts/Abstractions/CommandExecutorBase.cs
  artifactKey: Guid(e9c6bc26f9184e4a82a0c2a4fcad8939) Importer(815301076,1909f56bfc062723c751e8b465ee728b)
Start importing Assets/Scripts/Abstractions/CommandExecutorBase.cs using Guid(e9c6bc26f9184e4a82a0c2a4fcad8939) Importer(815301076,1909f56bfc062723c751e8b465ee728b)  -> (artifact id: 'db82c16a1cb4da25d53d2185eaa039b2') in 0.079943 seconds
  Import took 0.091124 seconds .

========================================================================
Received Import Request.
  Time since last request: 123.822835 seconds.
  path: Assets/Scripts/Abstractions/CommandExecutorBase.cs
  artifactKey: Guid(e9c6bc26f9184e4a82a0c2a4fcad8939) Importer(815301076,1909f56bfc062723c751e8b465ee728b)
Start importing Assets/Scripts/Abstractions/CommandExecutorBase.cs using Guid(e9c6bc26f9184e4a82a0c2a4fcad8939) Importer(815301076,1909f56bfc062723c751e8b465ee728b)  -> (artifact id: '8a8163642df06a39fb110c85f281f40a') in 0.003205 seconds
  Import took 0.012351 seconds .

========================================================================
Received Import Request.
  Time since last request: 4946.510660 seconds.
  path: Assets/Scripts/Abstractions/CommandExecutorBase.cs
  artifactKey: Guid(e9c6bc26f9184e4a82a0c2a4fcad8939) Importer(815301076,1909f56bfc062723c751e8b465ee728b)
Start importing Assets/Scripts/Abstractions/CommandExecutorBase.cs using Guid(e9c6bc26f9184e4a82a0c2a4fcad8939) Importer(815301076,1909f56bfc062723c751e8b465ee728b)  -> (artifact id: '618864e54cc51879bffdd5e3f87b18c2') in 0.006188 seconds
  Import took 0.099186 seconds .

========================================================================
Received Import Request.
  Time since last request: 0.159758 seconds.
  path: Assets/Scripts/Abstractions/CommandExecutorBase.cs
  artifactKey: Guid(e9c6bc26f9184e4a82a0c2a4fcad8939) Importer(815301076,1909f56bfc062723c751e8b465ee728b)
Start importing Assets/Scripts/Abstractions/CommandExecutorBase.cs using Guid(e9c6bc26f9184e4a82a0c2a4fcad8939) Importer(815301076,1909f56bfc062723c751e8b465ee728b)  -> (artifact id: '618864e54cc51879bffdd5e3f87b18c2') in 0.005998 seconds
  Import took 0.012749 seconds .

AssetImportWorkerClient::OnTransportError - code=2 error=End of file
