Using pre-set license
Built from '2020.3/staging' branch; Version is '2020.3.4f1 (0abb6314276a) revision 703331'; Using compiler version '192528614'; Build Type 'Release'
OS: 'Windows 10 Pro; OS build 19042.985; Version 2009; 64bit' Language: 'ru' Physical Memory: 16326 MB
BatchMode: 1, IsHumanControllingUs: 0, StartBugReporterOnCrash: 0, Is64bit: 1, IsPro: 0

 COMMAND LINE ARGUMENTS:
C:\Program Files\Unity\Hub\Editor\2020.3.4f1\Editor\Unity.exe
-adb2
-batchMode
-noUpm
-name
AssetImportWorker0
-projectPath
E:/Unity/RTS
-logFile
Logs/AssetImportWorker0.log
-srvPort
57897
Successfully changed project path to: E:/Unity/RTS
E:/Unity/RTS
Using Asset Import Pipeline V2.
Refreshing native plugins compatible for Editor in 251.24 ms, found 0 plugins.
Preloading 0 native plugins for Editor in 0.00 ms.
Initialize engine version: 2020.3.4f1 (0abb6314276a)
[Subsystems] Discovering subsystems at path C:/Program Files/Unity/Hub/Editor/2020.3.4f1/Editor/Data/Resources/UnitySubsystems
[Subsystems] Discovering subsystems at path E:/Unity/RTS/Assets
GfxDevice: creating device client; threaded=0
Direct3D:
    Version:  Direct3D 11.0 [level 11.1]
    Renderer: NVIDIA GeForce RTX 2060 (ID=0x1e89)
    Vendor:   
    VRAM:     5967 MB
    Driver:   27.21.14.6647
Initialize mono
Mono path[0] = 'C:/Program Files/Unity/Hub/Editor/2020.3.4f1/Editor/Data/Managed'
Mono path[1] = 'C:/Program Files/Unity/Hub/Editor/2020.3.4f1/Editor/Data/MonoBleedingEdge/lib/mono/unityjit'
Mono config path = 'C:/Program Files/Unity/Hub/Editor/2020.3.4f1/Editor/Data/MonoBleedingEdge/etc'
Using monoOptions --debugger-agent=transport=dt_socket,embedding=1,server=y,suspend=n,address=127.0.0.1:56328
Begin MonoManager ReloadAssembly
Registering precompiled unity dll's ...
Register platform support module: C:/Program Files/Unity/Hub/Editor/2020.3.4f1/Editor/Data/PlaybackEngines/WindowsStandaloneSupport/UnityEditor.WindowsStandalone.Extensions.dll
Registered in 0.002804 seconds.
Native extension for WindowsStandalone target not found
Refreshing native plugins compatible for Editor in 118.42 ms, found 0 plugins.
Preloading 0 native plugins for Editor in 0.00 ms.
Mono: successfully reloaded assembly
- Completed reload, in  6.145 seconds
Platform modules already initialized, skipping
Registering precompiled user dll's ...
Registered in 0.000876 seconds.
Begin MonoManager ReloadAssembly
Native extension for WindowsStandalone target not found
Refreshing native plugins compatible for Editor in 0.48 ms, found 0 plugins.
Preloading 0 native plugins for Editor in 0.00 ms.
Mono: successfully reloaded assembly
- Completed reload, in  1.454 seconds
Platform modules already initialized, skipping
========================================================================
Worker process is ready to serve import requests
Launched and connected shader compiler UnityShaderCompiler.exe after 0.57 seconds
Refreshing native plugins compatible for Editor in 0.53 ms, found 0 plugins.
Preloading 0 native plugins for Editor in 0.00 ms.
Unloading 1319 Unused Serialized files (Serialized files now loaded: 0)
System memory in use before: 76.3 MB.
System memory in use after: 76.4 MB.

Unloading 18 unused Assets to reduce memory usage. Loaded Objects now: 1760.
Total: 2.668900 ms (FindLiveObjects: 0.581600 ms CreateObjectMapping: 0.121500 ms MarkObjects: 1.844100 ms  DeleteObjects: 0.119900 ms)

========================================================================
Received Import Request.
  path: Assets/Scripts/UI/Select.cs
  artifactKey: Guid(fe812a0c33e5e408cacf4e7dba5cc518) Importer(815301076,1909f56bfc062723c751e8b465ee728b)
Start importing Assets/Scripts/UI/Select.cs using Guid(fe812a0c33e5e408cacf4e7dba5cc518) Importer(815301076,1909f56bfc062723c751e8b465ee728b)  -> (artifact id: '40e6db611a9a9d32d4a3df6847e4480c') in 0.068629 seconds
  Import took 0.071150 seconds .

========================================================================
Received Import Request.
  Time since last request: 1.210809 seconds.
  path: Assets/Scripts/UI/MainMenuUI.cs
  artifactKey: Guid(2e537d978061049e6a808ecafa88eee4) Importer(815301076,1909f56bfc062723c751e8b465ee728b)
Start importing Assets/Scripts/UI/MainMenuUI.cs using Guid(2e537d978061049e6a808ecafa88eee4) Importer(815301076,1909f56bfc062723c751e8b465ee728b)  -> (artifact id: '242591ca047c2a98a1b4aef9739ffd8a') in 0.001735 seconds
  Import took 0.004025 seconds .

========================================================================
Received Import Request.
  Time since last request: 0.005143 seconds.
  path: Assets/Scripts/UI/MainMenuUI.cs
  artifactKey: Guid(2e537d978061049e6a808ecafa88eee4) Importer(815301076,1909f56bfc062723c751e8b465ee728b)
Start importing Assets/Scripts/UI/MainMenuUI.cs using Guid(2e537d978061049e6a808ecafa88eee4) Importer(815301076,1909f56bfc062723c751e8b465ee728b)  -> (artifact id: '242591ca047c2a98a1b4aef9739ffd8a') in 0.003081 seconds
  Import took 0.005171 seconds .

========================================================================
Received Prepare
Registering precompiled user dll's ...
Registered in 0.001208 seconds.
Begin MonoManager ReloadAssembly
Native extension for WindowsStandalone target not found
Refreshing native plugins compatible for Editor in 0.46 ms, found 0 plugins.
Preloading 0 native plugins for Editor in 0.00 ms.
Mono: successfully reloaded assembly
- Completed reload, in  1.044 seconds
Platform modules already initialized, skipping
Refreshing native plugins compatible for Editor in 0.47 ms, found 0 plugins.
Preloading 0 native plugins for Editor in 0.00 ms.
Unloading 1197 Unused Serialized files (Serialized files now loaded: 0)
System memory in use before: 70.7 MB.
System memory in use after: 70.7 MB.

Unloading 13 unused Assets to reduce memory usage. Loaded Objects now: 1763.
Total: 9.110200 ms (FindLiveObjects: 1.424000 ms CreateObjectMapping: 0.449200 ms MarkObjects: 7.171600 ms  DeleteObjects: 0.060800 ms)

========================================================================
Received Prepare
Registering precompiled user dll's ...
Registered in 0.001270 seconds.
Begin MonoManager ReloadAssembly
Native extension for WindowsStandalone target not found
Refreshing native plugins compatible for Editor in 0.78 ms, found 0 plugins.
Preloading 0 native plugins for Editor in 0.00 ms.
Mono: successfully reloaded assembly
- Completed reload, in  1.052 seconds
Platform modules already initialized, skipping
Refreshing native plugins compatible for Editor in 0.45 ms, found 0 plugins.
Preloading 0 native plugins for Editor in 0.00 ms.
Unloading 1188 Unused Serialized files (Serialized files now loaded: 0)
System memory in use before: 70.5 MB.
System memory in use after: 70.6 MB.

Unloading 13 unused Assets to reduce memory usage. Loaded Objects now: 1766.
Total: 7.637300 ms (FindLiveObjects: 0.494100 ms CreateObjectMapping: 0.401100 ms MarkObjects: 6.687100 ms  DeleteObjects: 0.051400 ms)

========================================================================
Received Import Request.
  Time since last request: 67.258710 seconds.
  path: Assets/Materials/Effects
  artifactKey: Guid(9a573888d87e44b6c95900497041a73b) Importer(815301076,1909f56bfc062723c751e8b465ee728b)
Start importing Assets/Materials/Effects using Guid(9a573888d87e44b6c95900497041a73b) Importer(815301076,1909f56bfc062723c751e8b465ee728b)  -> (artifact id: 'f06f597b4146072b1d091178e72ff36f') in 0.004269 seconds
  Import took 0.006694 seconds .

========================================================================
Received Import Request.
  Time since last request: 0.007624 seconds.
  path: Assets/Materials/Effects
  artifactKey: Guid(9a573888d87e44b6c95900497041a73b) Importer(815301076,1909f56bfc062723c751e8b465ee728b)
Start importing Assets/Materials/Effects using Guid(9a573888d87e44b6c95900497041a73b) Importer(815301076,1909f56bfc062723c751e8b465ee728b)  -> (artifact id: 'f06f597b4146072b1d091178e72ff36f') in 0.002354 seconds
  Import took 0.004601 seconds .

========================================================================
Received Import Request.
  Time since last request: 3.722100 seconds.
  path: Assets/Materials/Decorations
  artifactKey: Guid(5656bc50435e0487185ae098ebc642ce) Importer(815301076,1909f56bfc062723c751e8b465ee728b)
Start importing Assets/Materials/Decorations using Guid(5656bc50435e0487185ae098ebc642ce) Importer(815301076,1909f56bfc062723c751e8b465ee728b)  -> (artifact id: '28d8cf41452b14f931b3167b9f53faac') in 0.004160 seconds
  Import took 0.007651 seconds .

========================================================================
Received Import Request.
  Time since last request: 19.983260 seconds.
  path: Assets/Prefabs/Shells
  artifactKey: Guid(f6df8ba75041e448d94f12c302a5867d) Importer(815301076,1909f56bfc062723c751e8b465ee728b)
Start importing Assets/Prefabs/Shells using Guid(f6df8ba75041e448d94f12c302a5867d) Importer(815301076,1909f56bfc062723c751e8b465ee728b)  -> (artifact id: '54592fd5ed5781ec716f2fe95be462d7') in 0.003085 seconds
  Import took 0.005924 seconds .

========================================================================
Received Import Request.
  Time since last request: 2.015271 seconds.
  path: Assets/Prefabs/UI
  artifactKey: Guid(4d94912bcbd894d308d820f35daa0632) Importer(815301076,1909f56bfc062723c751e8b465ee728b)
Start importing Assets/Prefabs/UI using Guid(4d94912bcbd894d308d820f35daa0632) Importer(815301076,1909f56bfc062723c751e8b465ee728b)  -> (artifact id: '283d261ded5b0d676862222a0a1909c0') in 0.013230 seconds
  Import took 0.015958 seconds .

========================================================================
Received Import Request.
  Time since last request: 5.723367 seconds.
  path: Assets/Prefabs/Effects
  artifactKey: Guid(7ae4174c4db844caa9a2ce34474048a6) Importer(815301076,1909f56bfc062723c751e8b465ee728b)
Start importing Assets/Prefabs/Effects using Guid(7ae4174c4db844caa9a2ce34474048a6) Importer(815301076,1909f56bfc062723c751e8b465ee728b)  -> (artifact id: 'fec9f0ff5b955a9d1bd9ad135aeccee9') in 0.004860 seconds
  Import took 0.007032 seconds .

========================================================================
Received Import Request.
  Time since last request: 172.893191 seconds.
  path: Assets/OutlineEffect/OutlineEffect/Outline.cs
  artifactKey: Guid(fbf3575480402db40813e763382412fb) Importer(815301076,1909f56bfc062723c751e8b465ee728b)
Start importing Assets/OutlineEffect/OutlineEffect/Outline.cs using Guid(fbf3575480402db40813e763382412fb) Importer(815301076,1909f56bfc062723c751e8b465ee728b)  -> (artifact id: 'a95dd113d73f6660f92a24db6e84c298') in 0.002077 seconds
  Import took 0.004456 seconds .

========================================================================
Received Import Request.
  Time since last request: 0.039286 seconds.
  path: Assets/OutlineEffect/OutlineEffect/Outline.cs
  artifactKey: Guid(fbf3575480402db40813e763382412fb) Importer(815301076,1909f56bfc062723c751e8b465ee728b)
Start importing Assets/OutlineEffect/OutlineEffect/Outline.cs using Guid(fbf3575480402db40813e763382412fb) Importer(815301076,1909f56bfc062723c751e8b465ee728b)  -> (artifact id: 'a95dd113d73f6660f92a24db6e84c298') in 0.001832 seconds
  Import took 0.004850 seconds .

========================================================================
Received Import Request.
  Time since last request: 7.829922 seconds.
  path: Assets/OutlineEffect/OutlineEffect/Resources/OutlineShader.shader
  artifactKey: Guid(3c30d1a2a85b9d4499dfc9ebea9ade8b) Importer(815301076,1909f56bfc062723c751e8b465ee728b)
Start importing Assets/OutlineEffect/OutlineEffect/Resources/OutlineShader.shader using Guid(3c30d1a2a85b9d4499dfc9ebea9ade8b) Importer(815301076,1909f56bfc062723c751e8b465ee728b)  -> (artifact id: 'b52567173f1a5cf9cd740317db1a9fb7') in 0.020048 seconds
  Import took 0.022439 seconds .

========================================================================
Received Import Request.
  Time since last request: 0.026553 seconds.
  path: Assets/OutlineEffect/OutlineEffect/Resources/OutlineShader.shader
  artifactKey: Guid(3c30d1a2a85b9d4499dfc9ebea9ade8b) Importer(815301076,1909f56bfc062723c751e8b465ee728b)
Start importing Assets/OutlineEffect/OutlineEffect/Resources/OutlineShader.shader using Guid(3c30d1a2a85b9d4499dfc9ebea9ade8b) Importer(815301076,1909f56bfc062723c751e8b465ee728b)  -> (artifact id: 'b52567173f1a5cf9cd740317db1a9fb7') in 0.004078 seconds
  Import took 0.007468 seconds .

========================================================================
Received Import Request.
  Time since last request: 183.845102 seconds.
  path: Assets/Plugins/Android/everyplay/res/layout
  artifactKey: Guid(1231843a9290a4a99a46cbca376b6cb0) Importer(815301076,1909f56bfc062723c751e8b465ee728b)
Start importing Assets/Plugins/Android/everyplay/res/layout using Guid(1231843a9290a4a99a46cbca376b6cb0) Importer(815301076,1909f56bfc062723c751e8b465ee728b)  -> (artifact id: 'd94a97f856c3efc8eef724167962d5ce') in 0.008213 seconds
  Import took 0.013815 seconds .

========================================================================
Received Prepare
Registering precompiled user dll's ...
Registered in 0.000878 seconds.
Begin MonoManager ReloadAssembly
Native extension for WindowsStandalone target not found
Refreshing native plugins compatible for Editor in 2.83 ms, found 0 plugins.
Preloading 0 native plugins for Editor in 0.00 ms.
Mono: successfully reloaded assembly
- Completed reload, in  0.983 seconds
Platform modules already initialized, skipping
Refreshing native plugins compatible for Editor in 0.80 ms, found 0 plugins.
Preloading 0 native plugins for Editor in 0.00 ms.
Unloading 1167 Unused Serialized files (Serialized files now loaded: 0)
System memory in use before: 70.0 MB.
System memory in use after: 70.1 MB.

Unloading 4 unused Assets to reduce memory usage. Loaded Objects now: 1769.
Total: 1.919000 ms (FindLiveObjects: 0.158800 ms CreateObjectMapping: 0.045600 ms MarkObjects: 1.694300 ms  DeleteObjects: 0.018700 ms)

========================================================================
Received Import Request.
  Time since last request: 23.773935 seconds.
  path: Assets/Plugins/Heatmaps/Shaders
  artifactKey: Guid(1bd29fa5c96ec4c8da96e6553c20f233) Importer(815301076,1909f56bfc062723c751e8b465ee728b)
Start importing Assets/Plugins/Heatmaps/Shaders using Guid(1bd29fa5c96ec4c8da96e6553c20f233) Importer(815301076,1909f56bfc062723c751e8b465ee728b)  -> (artifact id: 'ca7f2026dd96c28c533b570076a3d81c') in 0.004766 seconds
  Import took 0.007083 seconds .

========================================================================
Received Import Request.
  Time since last request: 0.008993 seconds.
  path: Assets/Plugins/Heatmaps/Shaders
  artifactKey: Guid(1bd29fa5c96ec4c8da96e6553c20f233) Importer(815301076,1909f56bfc062723c751e8b465ee728b)
Start importing Assets/Plugins/Heatmaps/Shaders using Guid(1bd29fa5c96ec4c8da96e6553c20f233) Importer(815301076,1909f56bfc062723c751e8b465ee728b)  -> (artifact id: 'ca7f2026dd96c28c533b570076a3d81c') in 0.005221 seconds
  Import took 0.008082 seconds .

========================================================================
Received Import Request.
  Time since last request: 0.971413 seconds.
  path: Assets/Plugins/Heatmaps/Shaders/Blend.shader
  artifactKey: Guid(a7c007672f1ba493289fa0f4955fa03a) Importer(815301076,1909f56bfc062723c751e8b465ee728b)
Start importing Assets/Plugins/Heatmaps/Shaders/Blend.shader using Guid(a7c007672f1ba493289fa0f4955fa03a) Importer(815301076,1909f56bfc062723c751e8b465ee728b)  -> (artifact id: '6d3839d1c05dd8aa5ffdeb18608188a1') in 0.016574 seconds
  Import took 0.018843 seconds .

========================================================================
Received Import Request.
  Time since last request: 0.005659 seconds.
  path: Assets/Plugins/Heatmaps/Shaders/Blend.shader
  artifactKey: Guid(a7c007672f1ba493289fa0f4955fa03a) Importer(815301076,1909f56bfc062723c751e8b465ee728b)
Start importing Assets/Plugins/Heatmaps/Shaders/Blend.shader using Guid(a7c007672f1ba493289fa0f4955fa03a) Importer(815301076,1909f56bfc062723c751e8b465ee728b)  -> (artifact id: '6d3839d1c05dd8aa5ffdeb18608188a1') in 0.002492 seconds
  Import took 0.005988 seconds .

========================================================================
Received Prepare
Registering precompiled user dll's ...
Registered in 0.000899 seconds.
Begin MonoManager ReloadAssembly
Native extension for WindowsStandalone target not found
Refreshing native plugins compatible for Editor in 0.37 ms, found 0 plugins.
Preloading 0 native plugins for Editor in 0.00 ms.
Mono: successfully reloaded assembly
- Completed reload, in  1.179 seconds
Platform modules already initialized, skipping
Refreshing native plugins compatible for Editor in 0.33 ms, found 0 plugins.
Preloading 0 native plugins for Editor in 0.00 ms.
Unloading 1155 Unused Serialized files (Serialized files now loaded: 0)
System memory in use before: 69.8 MB.
System memory in use after: 69.9 MB.

Unloading 4 unused Assets to reduce memory usage. Loaded Objects now: 1772.
Total: 2.012300 ms (FindLiveObjects: 0.199400 ms CreateObjectMapping: 0.207600 ms MarkObjects: 1.588100 ms  DeleteObjects: 0.015700 ms)

========================================================================
Received Import Request.
  Time since last request: 26.791283 seconds.
  path: Assets/WSATestCertificate.pfx
  artifactKey: Guid(2dc7386c0b6bb514487c0068eb191419) Importer(815301076,1909f56bfc062723c751e8b465ee728b)
Start importing Assets/WSATestCertificate.pfx using Guid(2dc7386c0b6bb514487c0068eb191419) Importer(815301076,1909f56bfc062723c751e8b465ee728b)  -> (artifact id: '8c5c3cad3e94afdd99794309adf6395c') in 0.022127 seconds
  Import took 0.024488 seconds .

========================================================================
Received Import Request.
  Time since last request: 45.513421 seconds.
  path: Assets/Shaders/OutlineAndShadow.shader
  artifactKey: Guid(5e51fc24164824c8cb7bc7a8bfb5fbe7) Importer(815301076,1909f56bfc062723c751e8b465ee728b)
Start importing Assets/Shaders/OutlineAndShadow.shader using Guid(5e51fc24164824c8cb7bc7a8bfb5fbe7) Importer(815301076,1909f56bfc062723c751e8b465ee728b)  -> (artifact id: 'c3a50a9496ef28159f9f3e27efbace18') in 0.003813 seconds
  Import took 0.030180 seconds .

========================================================================
Received Import Request.
  Time since last request: 0.001391 seconds.
  path: Assets/Shaders/OutlineAndShadow.shader
  artifactKey: Guid(5e51fc24164824c8cb7bc7a8bfb5fbe7) Importer(815301076,1909f56bfc062723c751e8b465ee728b)
Start importing Assets/Shaders/OutlineAndShadow.shader using Guid(5e51fc24164824c8cb7bc7a8bfb5fbe7) Importer(815301076,1909f56bfc062723c751e8b465ee728b)  -> (artifact id: 'c3a50a9496ef28159f9f3e27efbace18') in 0.005083 seconds
  Import took 0.007089 seconds .

========================================================================
Received Import Request.
  Time since last request: 3.287776 seconds.
  path: Assets/Shaders/Particle Premultiply Blend Colour OneSided.shader
  artifactKey: Guid(4e3d24a66e5de4845b3ac31a809813dc) Importer(815301076,1909f56bfc062723c751e8b465ee728b)
Start importing Assets/Shaders/Particle Premultiply Blend Colour OneSided.shader using Guid(4e3d24a66e5de4845b3ac31a809813dc) Importer(815301076,1909f56bfc062723c751e8b465ee728b)  -> (artifact id: 'f48c76abdcb7ea906069c589e42156b2') in 0.002805 seconds
  Import took 0.005275 seconds .

========================================================================
Received Import Request.
  Time since last request: 0.000856 seconds.
  path: Assets/Shaders/Particle Premultiply Blend Colour OneSided.shader
  artifactKey: Guid(4e3d24a66e5de4845b3ac31a809813dc) Importer(815301076,1909f56bfc062723c751e8b465ee728b)
Start importing Assets/Shaders/Particle Premultiply Blend Colour OneSided.shader using Guid(4e3d24a66e5de4845b3ac31a809813dc) Importer(815301076,1909f56bfc062723c751e8b465ee728b)  -> (artifact id: 'f48c76abdcb7ea906069c589e42156b2') in 0.002833 seconds
  Import took 0.005102 seconds .

========================================================================
Received Import Request.
  Time since last request: 0.478244 seconds.
  path: Assets/Shaders/Particle Premultiply Blend Colour.shader
  artifactKey: Guid(a6da74d4d782f4eb1a3c8bd0cfdf7a23) Importer(815301076,1909f56bfc062723c751e8b465ee728b)
Start importing Assets/Shaders/Particle Premultiply Blend Colour.shader using Guid(a6da74d4d782f4eb1a3c8bd0cfdf7a23) Importer(815301076,1909f56bfc062723c751e8b465ee728b)  -> (artifact id: 'ed004fd268f2426ec9d85f23003025eb') in 0.001980 seconds
  Import took 0.004137 seconds .

========================================================================
Received Import Request.
  Time since last request: 0.017490 seconds.
  path: Assets/Shaders/Particle Premultiply Blend Colour.shader
  artifactKey: Guid(a6da74d4d782f4eb1a3c8bd0cfdf7a23) Importer(815301076,1909f56bfc062723c751e8b465ee728b)
Start importing Assets/Shaders/Particle Premultiply Blend Colour.shader using Guid(a6da74d4d782f4eb1a3c8bd0cfdf7a23) Importer(815301076,1909f56bfc062723c751e8b465ee728b)  -> (artifact id: 'ed004fd268f2426ec9d85f23003025eb') in 0.015562 seconds
  Import took 0.028402 seconds .

========================================================================
Received Import Request.
  Time since last request: 2.473143 seconds.
  path: Assets/Shaders/HalfLambertPowerup.shader
  artifactKey: Guid(98d8a7115cee94176b3193613543855b) Importer(815301076,1909f56bfc062723c751e8b465ee728b)
Start importing Assets/Shaders/HalfLambertPowerup.shader using Guid(98d8a7115cee94176b3193613543855b) Importer(815301076,1909f56bfc062723c751e8b465ee728b)  -> (artifact id: '2c8be41e3644c0c8f949c6e40d2ffa6b') in 0.010953 seconds
  Import took 0.028447 seconds .

========================================================================
Received Import Request.
  Time since last request: 0.717234 seconds.
  path: Assets/Shaders/Font.shader
  artifactKey: Guid(10cd586c1fbe14fc5988e4013e2adc03) Importer(815301076,1909f56bfc062723c751e8b465ee728b)
Start importing Assets/Shaders/Font.shader using Guid(10cd586c1fbe14fc5988e4013e2adc03) Importer(815301076,1909f56bfc062723c751e8b465ee728b)  -> (artifact id: '60f408c0aa77e388a28a516f4d4a24a1') in 0.002083 seconds
  Import took 0.004074 seconds .

========================================================================
Received Import Request.
  Time since last request: 0.003752 seconds.
  path: Assets/Shaders/Font.shader
  artifactKey: Guid(10cd586c1fbe14fc5988e4013e2adc03) Importer(815301076,1909f56bfc062723c751e8b465ee728b)
Start importing Assets/Shaders/Font.shader using Guid(10cd586c1fbe14fc5988e4013e2adc03) Importer(815301076,1909f56bfc062723c751e8b465ee728b)  -> (artifact id: '60f408c0aa77e388a28a516f4d4a24a1') in 0.004144 seconds
  Import took 0.006694 seconds .

========================================================================
Received Prepare
Registering precompiled user dll's ...
Registered in 0.001814 seconds.
Begin MonoManager ReloadAssembly
Native extension for WindowsStandalone target not found
Refreshing native plugins compatible for Editor in 0.28 ms, found 0 plugins.
Preloading 0 native plugins for Editor in 0.00 ms.
Mono: successfully reloaded assembly
- Completed reload, in  1.295 seconds
Platform modules already initialized, skipping
Refreshing native plugins compatible for Editor in 0.30 ms, found 0 plugins.
Preloading 0 native plugins for Editor in 0.00 ms.
Unloading 1155 Unused Serialized files (Serialized files now loaded: 0)
System memory in use before: 69.8 MB.
System memory in use after: 69.9 MB.

Unloading 4 unused Assets to reduce memory usage. Loaded Objects now: 1775.
Total: 21.023300 ms (FindLiveObjects: 2.072300 ms CreateObjectMapping: 13.927700 ms MarkObjects: 4.979900 ms  DeleteObjects: 0.039300 ms)

========================================================================
Received Import Request.
  Time since last request: 138.978301 seconds.
  path: Assets/Scripts/UserControlSystem/UI/View/OutlineSelector.cs
  artifactKey: Guid(133ef13f4f815ac458966bdf83b3b787) Importer(815301076,1909f56bfc062723c751e8b465ee728b)
Start importing Assets/Scripts/UserControlSystem/UI/View/OutlineSelector.cs using Guid(133ef13f4f815ac458966bdf83b3b787) Importer(815301076,1909f56bfc062723c751e8b465ee728b)  -> (artifact id: 'a4b1ebd6605a0e3315d521f8361c54d3') in 0.009688 seconds
  Import took 0.014904 seconds .

========================================================================
Received Import Request.
  Time since last request: 54.000600 seconds.
  path: Assets/Scenes/Multiplayer
  artifactKey: Guid(a00ae01a9bfe84c829c02d65001eecc5) Importer(815301076,1909f56bfc062723c751e8b465ee728b)
Start importing Assets/Scenes/Multiplayer using Guid(a00ae01a9bfe84c829c02d65001eecc5) Importer(815301076,1909f56bfc062723c751e8b465ee728b)  -> (artifact id: '6ab390cb809122b3ed4b7b4925a2c591') in 0.008018 seconds
  Import took 0.011047 seconds .

========================================================================
Received Import Request.
  Time since last request: 2.032354 seconds.
  path: Assets/Scenes/Singleplayer
  artifactKey: Guid(cf9cc0efbb8454217a4f4cb9f32e026d) Importer(815301076,1909f56bfc062723c751e8b465ee728b)
Start importing Assets/Scenes/Singleplayer using Guid(cf9cc0efbb8454217a4f4cb9f32e026d) Importer(815301076,1909f56bfc062723c751e8b465ee728b)  -> (artifact id: '7f0355c000566c8f1d12842c5e7c2089') in 0.003039 seconds
  Import took 0.005297 seconds .

========================================================================
Received Import Request.
  Time since last request: 0.000740 seconds.
  path: Assets/Scenes/Singleplayer
  artifactKey: Guid(cf9cc0efbb8454217a4f4cb9f32e026d) Importer(815301076,1909f56bfc062723c751e8b465ee728b)
Start importing Assets/Scenes/Singleplayer using Guid(cf9cc0efbb8454217a4f4cb9f32e026d) Importer(815301076,1909f56bfc062723c751e8b465ee728b)  -> (artifact id: '7f0355c000566c8f1d12842c5e7c2089') in 0.001714 seconds
  Import took 0.004462 seconds .

========================================================================
Received Import Request.
  Time since last request: 1.098725 seconds.
  path: Assets/Scenes/Menu
  artifactKey: Guid(9d15dbfb5b4be4a619a052f697fab6f2) Importer(815301076,1909f56bfc062723c751e8b465ee728b)
Start importing Assets/Scenes/Menu using Guid(9d15dbfb5b4be4a619a052f697fab6f2) Importer(815301076,1909f56bfc062723c751e8b465ee728b)  -> (artifact id: '426d1b2744ce3b78a5ac68c24505e7e7') in 0.003207 seconds
  Import took 0.006826 seconds .

========================================================================
Received Import Request.
  Time since last request: 119.681398 seconds.
  path: Assets/Scripts/UserControlSystem/UI/Presenter/OutlineSelectorPresenter.cs
  artifactKey: Guid(16e24f0f17113c740af4c40eba02ff1f) Importer(815301076,1909f56bfc062723c751e8b465ee728b)
Start importing Assets/Scripts/UserControlSystem/UI/Presenter/OutlineSelectorPresenter.cs using Guid(16e24f0f17113c740af4c40eba02ff1f) Importer(815301076,1909f56bfc062723c751e8b465ee728b)  -> (artifact id: '0ca53b20de5b06843cfa8c955702b24a') in 0.002973 seconds
  Import took 0.006715 seconds .

========================================================================
Received Import Request.
  Time since last request: 0.021669 seconds.
  path: Assets/Scripts/UserControlSystem/UI/Presenter/OutlineSelectorPresenter.cs
  artifactKey: Guid(16e24f0f17113c740af4c40eba02ff1f) Importer(815301076,1909f56bfc062723c751e8b465ee728b)
Start importing Assets/Scripts/UserControlSystem/UI/Presenter/OutlineSelectorPresenter.cs using Guid(16e24f0f17113c740af4c40eba02ff1f) Importer(815301076,1909f56bfc062723c751e8b465ee728b)  -> (artifact id: '0ca53b20de5b06843cfa8c955702b24a') in 0.003225 seconds
  Import took 0.005359 seconds .

========================================================================
Received Prepare
Registering precompiled user dll's ...
Registered in 0.000793 seconds.
Begin MonoManager ReloadAssembly
Native extension for WindowsStandalone target not found
Refreshing native plugins compatible for Editor in 0.29 ms, found 0 plugins.
Preloading 0 native plugins for Editor in 0.00 ms.
Mono: successfully reloaded assembly
- Completed reload, in  5.764 seconds
Platform modules already initialized, skipping
Refreshing native plugins compatible for Editor in 0.27 ms, found 0 plugins.
Preloading 0 native plugins for Editor in 0.00 ms.
Unloading 1156 Unused Serialized files (Serialized files now loaded: 0)
System memory in use before: 69.8 MB.
System memory in use after: 69.9 MB.

Unloading 4 unused Assets to reduce memory usage. Loaded Objects now: 1779.
Total: 1.716600 ms (FindLiveObjects: 0.201200 ms CreateObjectMapping: 0.048100 ms MarkObjects: 1.449300 ms  DeleteObjects: 0.016400 ms)

========================================================================
Received Prepare
Registering precompiled user dll's ...
Registered in 0.001912 seconds.
Begin MonoManager ReloadAssembly
Native extension for WindowsStandalone target not found
Refreshing native plugins compatible for Editor in 0.35 ms, found 0 plugins.
Preloading 0 native plugins for Editor in 0.00 ms.
Mono: successfully reloaded assembly
- Completed reload, in  1.343 seconds
Platform modules already initialized, skipping
Refreshing native plugins compatible for Editor in 0.26 ms, found 0 plugins.
Preloading 0 native plugins for Editor in 0.00 ms.
Unloading 1156 Unused Serialized files (Serialized files now loaded: 0)
System memory in use before: 69.8 MB.
System memory in use after: 69.9 MB.

Unloading 4 unused Assets to reduce memory usage. Loaded Objects now: 1782.
Total: 2.135200 ms (FindLiveObjects: 0.225800 ms CreateObjectMapping: 0.101400 ms MarkObjects: 1.791200 ms  DeleteObjects: 0.014900 ms)

========================================================================
Received Prepare
Registering precompiled user dll's ...
Registered in 0.000753 seconds.
Begin MonoManager ReloadAssembly
Native extension for WindowsStandalone target not found
Refreshing native plugins compatible for Editor in 0.31 ms, found 0 plugins.
Preloading 0 native plugins for Editor in 0.00 ms.
Mono: successfully reloaded assembly
- Completed reload, in  2.779 seconds
Platform modules already initialized, skipping
Refreshing native plugins compatible for Editor in 0.28 ms, found 0 plugins.
Preloading 0 native plugins for Editor in 0.00 ms.
Unloading 1153 Unused Serialized files (Serialized files now loaded: 0)
System memory in use before: 69.8 MB.
System memory in use after: 69.9 MB.

Unloading 4 unused Assets to reduce memory usage. Loaded Objects now: 1785.
Total: 6.720200 ms (FindLiveObjects: 0.309200 ms CreateObjectMapping: 2.611000 ms MarkObjects: 3.777700 ms  DeleteObjects: 0.020300 ms)

========================================================================
Received Prepare
Registering precompiled user dll's ...
Registered in 0.000948 seconds.
Begin MonoManager ReloadAssembly
Native extension for WindowsStandalone target not found
Refreshing native plugins compatible for Editor in 0.27 ms, found 0 plugins.
Preloading 0 native plugins for Editor in 0.00 ms.
Mono: successfully reloaded assembly
- Completed reload, in  1.096 seconds
Platform modules already initialized, skipping
Refreshing native plugins compatible for Editor in 0.27 ms, found 0 plugins.
Preloading 0 native plugins for Editor in 0.00 ms.
Unloading 1153 Unused Serialized files (Serialized files now loaded: 0)
System memory in use before: 69.8 MB.
System memory in use after: 69.9 MB.

Unloading 4 unused Assets to reduce memory usage. Loaded Objects now: 1788.
Total: 1.561200 ms (FindLiveObjects: 0.189600 ms CreateObjectMapping: 0.061700 ms MarkObjects: 1.294100 ms  DeleteObjects: 0.015000 ms)

========================================================================
Received Prepare
Registering precompiled user dll's ...
Registered in 0.001087 seconds.
Begin MonoManager ReloadAssembly
Native extension for WindowsStandalone target not found
Refreshing native plugins compatible for Editor in 0.27 ms, found 0 plugins.
Preloading 0 native plugins for Editor in 0.00 ms.
Mono: successfully reloaded assembly
- Completed reload, in  1.267 seconds
Platform modules already initialized, skipping
Refreshing native plugins compatible for Editor in 0.64 ms, found 0 plugins.
Preloading 0 native plugins for Editor in 0.00 ms.
Unloading 1153 Unused Serialized files (Serialized files now loaded: 0)
System memory in use before: 69.8 MB.
System memory in use after: 69.9 MB.

Unloading 4 unused Assets to reduce memory usage. Loaded Objects now: 1791.
Total: 1.725300 ms (FindLiveObjects: 0.166000 ms CreateObjectMapping: 0.047800 ms MarkObjects: 1.491800 ms  DeleteObjects: 0.018400 ms)

========================================================================
Received Prepare
Registering precompiled user dll's ...
Registered in 0.001990 seconds.
Begin MonoManager ReloadAssembly
Native extension for WindowsStandalone target not found
Refreshing native plugins compatible for Editor in 0.29 ms, found 0 plugins.
Preloading 0 native plugins for Editor in 0.00 ms.
Mono: successfully reloaded assembly
- Completed reload, in  3.919 seconds
Platform modules already initialized, skipping
Refreshing native plugins compatible for Editor in 0.42 ms, found 0 plugins.
Preloading 0 native plugins for Editor in 0.00 ms.
Unloading 1154 Unused Serialized files (Serialized files now loaded: 0)
System memory in use before: 69.9 MB.
System memory in use after: 70.0 MB.

Unloading 4 unused Assets to reduce memory usage. Loaded Objects now: 1795.
Total: 1.676700 ms (FindLiveObjects: 0.143800 ms CreateObjectMapping: 0.039800 ms MarkObjects: 1.477300 ms  DeleteObjects: 0.015000 ms)

========================================================================
Received Prepare
Registering precompiled user dll's ...
Registered in 0.001116 seconds.
Begin MonoManager ReloadAssembly
Native extension for WindowsStandalone target not found
Refreshing native plugins compatible for Editor in 0.28 ms, found 0 plugins.
Preloading 0 native plugins for Editor in 0.00 ms.
Mono: successfully reloaded assembly
- Completed reload, in  1.061 seconds
Platform modules already initialized, skipping
Refreshing native plugins compatible for Editor in 0.29 ms, found 0 plugins.
Preloading 0 native plugins for Editor in 0.00 ms.
Unloading 1154 Unused Serialized files (Serialized files now loaded: 0)
System memory in use before: 69.9 MB.
System memory in use after: 70.0 MB.

Unloading 4 unused Assets to reduce memory usage. Loaded Objects now: 1798.
Total: 3.241800 ms (FindLiveObjects: 0.282700 ms CreateObjectMapping: 0.063200 ms MarkObjects: 2.876000 ms  DeleteObjects: 0.018400 ms)

========================================================================
Received Prepare
Registering precompiled user dll's ...
Registered in 0.000888 seconds.
Begin MonoManager ReloadAssembly
Native extension for WindowsStandalone target not found
Refreshing native plugins compatible for Editor in 0.27 ms, found 0 plugins.
Preloading 0 native plugins for Editor in 0.00 ms.
Mono: successfully reloaded assembly
- Completed reload, in  1.196 seconds
Platform modules already initialized, skipping
Refreshing native plugins compatible for Editor in 0.28 ms, found 0 plugins.
Preloading 0 native plugins for Editor in 0.00 ms.
Unloading 1154 Unused Serialized files (Serialized files now loaded: 0)
System memory in use before: 69.9 MB.
System memory in use after: 70.0 MB.

Unloading 4 unused Assets to reduce memory usage. Loaded Objects now: 1801.
Total: 6.186300 ms (FindLiveObjects: 0.430500 ms CreateObjectMapping: 0.148200 ms MarkObjects: 5.537700 ms  DeleteObjects: 0.066700 ms)

========================================================================
Received Prepare
Registering precompiled user dll's ...
Registered in 0.052477 seconds.
Begin MonoManager ReloadAssembly
Native extension for WindowsStandalone target not found
Refreshing native plugins compatible for Editor in 0.28 ms, found 0 plugins.
Preloading 0 native plugins for Editor in 0.00 ms.
Mono: successfully reloaded assembly
- Completed reload, in  1.635 seconds
Platform modules already initialized, skipping
Refreshing native plugins compatible for Editor in 0.75 ms, found 0 plugins.
Preloading 0 native plugins for Editor in 0.00 ms.
Unloading 1155 Unused Serialized files (Serialized files now loaded: 0)
System memory in use before: 69.9 MB.
System memory in use after: 70.0 MB.

Unloading 4 unused Assets to reduce memory usage. Loaded Objects now: 1805.
Total: 9.521700 ms (FindLiveObjects: 0.170100 ms CreateObjectMapping: 0.047300 ms MarkObjects: 9.286200 ms  DeleteObjects: 0.016500 ms)

========================================================================
Received Prepare
Registering precompiled user dll's ...
Registered in 0.000944 seconds.
Begin MonoManager ReloadAssembly
Native extension for WindowsStandalone target not found
Refreshing native plugins compatible for Editor in 0.33 ms, found 0 plugins.
Preloading 0 native plugins for Editor in 0.00 ms.
Mono: successfully reloaded assembly
- Completed reload, in  1.016 seconds
Platform modules already initialized, skipping
Refreshing native plugins compatible for Editor in 0.26 ms, found 0 plugins.
Preloading 0 native plugins for Editor in 0.00 ms.
Unloading 1160 Unused Serialized files (Serialized files now loaded: 0)
System memory in use before: 70.0 MB.
System memory in use after: 70.1 MB.

Unloading 4 unused Assets to reduce memory usage. Loaded Objects now: 1813.
Total: 1.649200 ms (FindLiveObjects: 0.157000 ms CreateObjectMapping: 0.043200 ms MarkObjects: 1.433500 ms  DeleteObjects: 0.014300 ms)

========================================================================
Received Prepare
Registering precompiled user dll's ...
Registered in 0.000808 seconds.
Begin MonoManager ReloadAssembly
Native extension for WindowsStandalone target not found
Refreshing native plugins compatible for Editor in 0.27 ms, found 0 plugins.
Preloading 0 native plugins for Editor in 0.00 ms.
Mono: successfully reloaded assembly
- Completed reload, in  0.882 seconds
Platform modules already initialized, skipping
Refreshing native plugins compatible for Editor in 0.28 ms, found 0 plugins.
Preloading 0 native plugins for Editor in 0.00 ms.
Unloading 1161 Unused Serialized files (Serialized files now loaded: 0)
System memory in use before: 70.0 MB.
System memory in use after: 70.1 MB.

Unloading 4 unused Assets to reduce memory usage. Loaded Objects now: 1817.
Total: 3.192800 ms (FindLiveObjects: 0.384400 ms CreateObjectMapping: 0.065000 ms MarkObjects: 2.722800 ms  DeleteObjects: 0.019300 ms)

========================================================================
Received Prepare
Registering precompiled user dll's ...
Registered in 0.000749 seconds.
Begin MonoManager ReloadAssembly
Native extension for WindowsStandalone target not found
Refreshing native plugins compatible for Editor in 0.33 ms, found 0 plugins.
Preloading 0 native plugins for Editor in 0.00 ms.
Mono: successfully reloaded assembly
- Completed reload, in  0.851 seconds
Platform modules already initialized, skipping
Refreshing native plugins compatible for Editor in 0.26 ms, found 0 plugins.
Preloading 0 native plugins for Editor in 0.00 ms.
Unloading 1161 Unused Serialized files (Serialized files now loaded: 0)
System memory in use before: 70.0 MB.
System memory in use after: 70.1 MB.

Unloading 4 unused Assets to reduce memory usage. Loaded Objects now: 1820.
Total: 7.961000 ms (FindLiveObjects: 0.512700 ms CreateObjectMapping: 0.160800 ms MarkObjects: 7.231200 ms  DeleteObjects: 0.052400 ms)

========================================================================
Received Import Request.
  Time since last request: 2232.402601 seconds.
  path: Assets/Scripts/Core/MainBuilding.cs
  artifactKey: Guid(ebb965739c3ef7843ab6e38ce393658d) Importer(815301076,1909f56bfc062723c751e8b465ee728b)
Start importing Assets/Scripts/Core/MainBuilding.cs using Guid(ebb965739c3ef7843ab6e38ce393658d) Importer(815301076,1909f56bfc062723c751e8b465ee728b)  -> (artifact id: '894065fc9940f75180070f3461fb51a8') in 0.007855 seconds
  Import took 0.010603 seconds .

========================================================================
Received Import Request.
  Time since last request: 0.122514 seconds.
  path: Assets/Scripts/Core/MainBuilding.cs
  artifactKey: Guid(ebb965739c3ef7843ab6e38ce393658d) Importer(815301076,1909f56bfc062723c751e8b465ee728b)
Start importing Assets/Scripts/Core/MainBuilding.cs using Guid(ebb965739c3ef7843ab6e38ce393658d) Importer(815301076,1909f56bfc062723c751e8b465ee728b)  -> (artifact id: '894065fc9940f75180070f3461fb51a8') in 0.004584 seconds
  Import took 0.015196 seconds .

========================================================================
Received Prepare
Registering precompiled user dll's ...
Registered in 0.000721 seconds.
Begin MonoManager ReloadAssembly
Native extension for WindowsStandalone target not found
Refreshing native plugins compatible for Editor in 0.26 ms, found 0 plugins.
Preloading 0 native plugins for Editor in 0.00 ms.
Mono: successfully reloaded assembly
- Completed reload, in  1.210 seconds
Platform modules already initialized, skipping
Refreshing native plugins compatible for Editor in 0.27 ms, found 0 plugins.
Preloading 0 native plugins for Editor in 0.00 ms.
Unloading 1160 Unused Serialized files (Serialized files now loaded: 0)
System memory in use before: 70.0 MB.
System memory in use after: 70.1 MB.

Unloading 4 unused Assets to reduce memory usage. Loaded Objects now: 1823.
Total: 20.989700 ms (FindLiveObjects: 5.712900 ms CreateObjectMapping: 0.143500 ms MarkObjects: 15.107100 ms  DeleteObjects: 0.023100 ms)

========================================================================
Received Import Request.
  Time since last request: 482.357102 seconds.
  path: Assets/Scripts/Core/MainBuilding.cs
  artifactKey: Guid(ebb965739c3ef7843ab6e38ce393658d) Importer(815301076,1909f56bfc062723c751e8b465ee728b)
Start importing Assets/Scripts/Core/MainBuilding.cs using Guid(ebb965739c3ef7843ab6e38ce393658d) Importer(815301076,1909f56bfc062723c751e8b465ee728b)  -> (artifact id: '99c8a595cff47a8d3287470ee6a16618') in 0.012107 seconds
  Import took 0.104183 seconds .

========================================================================
Received Import Request.
  Time since last request: 6441.364741 seconds.
  path: Assets/Scripts/Core/MainBuilding.cs
  artifactKey: Guid(ebb965739c3ef7843ab6e38ce393658d) Importer(815301076,1909f56bfc062723c751e8b465ee728b)
Start importing Assets/Scripts/Core/MainBuilding.cs using Guid(ebb965739c3ef7843ab6e38ce393658d) Importer(815301076,1909f56bfc062723c751e8b465ee728b)  -> (artifact id: 'fc1159c286de4e606f2d66ea2f5de597') in 0.015890 seconds
  Import took 0.953194 seconds .

========================================================================
Received Import Request.
  Time since last request: 44.818119 seconds.
  path: Assets/Scripts/Core/MainBuilding.cs
  artifactKey: Guid(ebb965739c3ef7843ab6e38ce393658d) Importer(815301076,1909f56bfc062723c751e8b465ee728b)
Start importing Assets/Scripts/Core/MainBuilding.cs using Guid(ebb965739c3ef7843ab6e38ce393658d) Importer(815301076,1909f56bfc062723c751e8b465ee728b)  -> (artifact id: '3d6729ce18fd0613faeffbc2ad7b4859') in 0.004442 seconds
  Import took 0.011580 seconds .

========================================================================
Received Import Request.
  Time since last request: 0.151819 seconds.
  path: Assets/Scripts/Core/MainBuilding.cs
  artifactKey: Guid(ebb965739c3ef7843ab6e38ce393658d) Importer(815301076,1909f56bfc062723c751e8b465ee728b)
Start importing Assets/Scripts/Core/MainBuilding.cs using Guid(ebb965739c3ef7843ab6e38ce393658d) Importer(815301076,1909f56bfc062723c751e8b465ee728b)  -> (artifact id: '3d6729ce18fd0613faeffbc2ad7b4859') in 0.056778 seconds
  Import took 0.098336 seconds .

========================================================================
Received Import Request.
  Time since last request: 328.275494 seconds.
  path: Assets/Scripts/Core/MainBuilding.cs
  artifactKey: Guid(ebb965739c3ef7843ab6e38ce393658d) Importer(815301076,1909f56bfc062723c751e8b465ee728b)
Start importing Assets/Scripts/Core/MainBuilding.cs using Guid(ebb965739c3ef7843ab6e38ce393658d) Importer(815301076,1909f56bfc062723c751e8b465ee728b)  -> (artifact id: 'bfd5251929b7a1b076d02d83fd5830f5') in 0.009278 seconds
  Import took 0.012383 seconds .

========================================================================
Received Import Request.
  Time since last request: 0.006591 seconds.
  path: Assets/Scripts/Core/MainBuilding.cs
  artifactKey: Guid(ebb965739c3ef7843ab6e38ce393658d) Importer(815301076,1909f56bfc062723c751e8b465ee728b)
Start importing Assets/Scripts/Core/MainBuilding.cs using Guid(ebb965739c3ef7843ab6e38ce393658d) Importer(815301076,1909f56bfc062723c751e8b465ee728b)  -> (artifact id: 'bfd5251929b7a1b076d02d83fd5830f5') in 0.003636 seconds
  Import took 0.007014 seconds .

========================================================================
Received Prepare
Registering precompiled user dll's ...
Registered in 0.000758 seconds.
Begin MonoManager ReloadAssembly
Native extension for WindowsStandalone target not found
Refreshing native plugins compatible for Editor in 2.67 ms, found 0 plugins.
Preloading 0 native plugins for Editor in 0.00 ms.
Mono: successfully reloaded assembly
- Completed reload, in  1.515 seconds
Platform modules already initialized, skipping
Refreshing native plugins compatible for Editor in 0.26 ms, found 0 plugins.
Preloading 0 native plugins for Editor in 0.00 ms.
Unloading 1161 Unused Serialized files (Serialized files now loaded: 0)
System memory in use before: 70.0 MB.
System memory in use after: 70.1 MB.

Unloading 4 unused Assets to reduce memory usage. Loaded Objects now: 1827.
Total: 2.270500 ms (FindLiveObjects: 0.163300 ms CreateObjectMapping: 0.042800 ms MarkObjects: 2.045100 ms  DeleteObjects: 0.017800 ms)

========================================================================
Received Import Request.
  Time since last request: 119.668504 seconds.
  path: Assets/Scripts/Core/MainBuilding.cs
  artifactKey: Guid(ebb965739c3ef7843ab6e38ce393658d) Importer(815301076,1909f56bfc062723c751e8b465ee728b)
Start importing Assets/Scripts/Core/MainBuilding.cs using Guid(ebb965739c3ef7843ab6e38ce393658d) Importer(815301076,1909f56bfc062723c751e8b465ee728b)  -> (artifact id: 'e1a0bc43644acdbe1244bdab58ed6c5d') in 0.003446 seconds
  Import took 0.024456 seconds .

========================================================================
Received Import Request.
  Time since last request: 566.505585 seconds.
  path: Assets/Scripts/UserControlSystem/UI/View/CommandButtonsView.cs
  artifactKey: Guid(1895746d8ddaadf4d94a04d890b31b6c) Importer(815301076,1909f56bfc062723c751e8b465ee728b)
Start importing Assets/Scripts/UserControlSystem/UI/View/CommandButtonsView.cs using Guid(1895746d8ddaadf4d94a04d890b31b6c) Importer(815301076,1909f56bfc062723c751e8b465ee728b)  -> (artifact id: '1d1752f58b61cbc8ef367b0f05f5fcbd') in 0.002108 seconds
  Import took 0.037700 seconds .

========================================================================
Received Prepare
Registering precompiled user dll's ...
Registered in 0.001101 seconds.
Begin MonoManager ReloadAssembly
Native extension for WindowsStandalone target not found
Refreshing native plugins compatible for Editor in 0.26 ms, found 0 plugins.
Preloading 0 native plugins for Editor in 0.00 ms.
Mono: successfully reloaded assembly
- Completed reload, in  1.034 seconds
Platform modules already initialized, skipping
Refreshing native plugins compatible for Editor in 0.28 ms, found 0 plugins.
Preloading 0 native plugins for Editor in 0.00 ms.
Unloading 1162 Unused Serialized files (Serialized files now loaded: 0)
System memory in use before: 70.1 MB.
System memory in use after: 70.2 MB.

Unloading 4 unused Assets to reduce memory usage. Loaded Objects now: 1831.
Total: 4.774900 ms (FindLiveObjects: 0.596600 ms CreateObjectMapping: 0.177500 ms MarkObjects: 3.960700 ms  DeleteObjects: 0.036100 ms)

========================================================================
Received Import Request.
  Time since last request: 81.277844 seconds.
  path: Assets/Scripts/UserControlSystem/UI/View/CommandButtonsView.cs
  artifactKey: Guid(1895746d8ddaadf4d94a04d890b31b6c) Importer(815301076,1909f56bfc062723c751e8b465ee728b)
Start importing Assets/Scripts/UserControlSystem/UI/View/CommandButtonsView.cs using Guid(1895746d8ddaadf4d94a04d890b31b6c) Importer(815301076,1909f56bfc062723c751e8b465ee728b)  -> (artifact id: '390e8bcb8b4f18575b58aca73f68e3cb') in 0.004003 seconds
  Import took 0.022769 seconds .

========================================================================
Received Import Request.
  Time since last request: 298.073419 seconds.
  path: Assets/Scripts/Abstractions/ICommandExecutor.cs
  artifactKey: Guid(3b4558d5e0924de9942e692129d33025) Importer(815301076,1909f56bfc062723c751e8b465ee728b)
Start importing Assets/Scripts/Abstractions/ICommandExecutor.cs using Guid(3b4558d5e0924de9942e692129d33025) Importer(815301076,1909f56bfc062723c751e8b465ee728b)  -> (artifact id: 'd541748d81c37fe42336a9fa0565c8a8') in 0.002346 seconds
  Import took 0.015243 seconds .

========================================================================
Received Import Request.
  Time since last request: 28.232198 seconds.
  path: Assets/Scripts/Abstractions/ICommandExecutor.cs
  artifactKey: Guid(3b4558d5e0924de9942e692129d33025) Importer(815301076,1909f56bfc062723c751e8b465ee728b)
Start importing Assets/Scripts/Abstractions/ICommandExecutor.cs using Guid(3b4558d5e0924de9942e692129d33025) Importer(815301076,1909f56bfc062723c751e8b465ee728b)  -> (artifact id: '101fe8b9c9967588434019a6939e20c2') in 0.003089 seconds
  Import took 0.017534 seconds .

========================================================================
Received Import Request.
  Time since last request: 0.015287 seconds.
  path: Assets/Scripts/Abstractions/ICommandExecutor.cs
  artifactKey: Guid(3b4558d5e0924de9942e692129d33025) Importer(815301076,1909f56bfc062723c751e8b465ee728b)
Start importing Assets/Scripts/Abstractions/ICommandExecutor.cs using Guid(3b4558d5e0924de9942e692129d33025) Importer(815301076,1909f56bfc062723c751e8b465ee728b)  -> (artifact id: '101fe8b9c9967588434019a6939e20c2') in 0.010956 seconds
  Import took 0.025195 seconds .

========================================================================
Received Import Request.
  Time since last request: 9.242884 seconds.
  path: Assets/Scripts/Abstractions/ICommandExecutor.cs
  artifactKey: Guid(3b4558d5e0924de9942e692129d33025) Importer(815301076,1909f56bfc062723c751e8b465ee728b)
Start importing Assets/Scripts/Abstractions/ICommandExecutor.cs using Guid(3b4558d5e0924de9942e692129d33025) Importer(815301076,1909f56bfc062723c751e8b465ee728b)  -> (artifact id: 'f28305452866c068471edc416ba7df63') in 0.004640 seconds
  Import took 0.026429 seconds .

========================================================================
Received Import Request.
  Time since last request: 0.132489 seconds.
  path: Assets/Scripts/Abstractions/ICommandExecutor.cs
  artifactKey: Guid(3b4558d5e0924de9942e692129d33025) Importer(815301076,1909f56bfc062723c751e8b465ee728b)
Start importing Assets/Scripts/Abstractions/ICommandExecutor.cs using Guid(3b4558d5e0924de9942e692129d33025) Importer(815301076,1909f56bfc062723c751e8b465ee728b)  -> (artifact id: 'f28305452866c068471edc416ba7df63') in 0.004685 seconds
  Import took 0.007723 seconds .

========================================================================
Received Import Request.
  Time since last request: 205.669773 seconds.
  path: Assets/Scripts/Abstractions/ICommandExecutor.cs
  artifactKey: Guid(3b4558d5e0924de9942e692129d33025) Importer(815301076,1909f56bfc062723c751e8b465ee728b)
Start importing Assets/Scripts/Abstractions/ICommandExecutor.cs using Guid(3b4558d5e0924de9942e692129d33025) Importer(815301076,1909f56bfc062723c751e8b465ee728b)  -> (artifact id: '7e0d930925219d3cbf23c1638ad4124d') in 0.003655 seconds
  Import took 0.012893 seconds .

========================================================================
Received Import Request.
  Time since last request: 764.900410 seconds.
  path: Assets/Scripts/UserControlSystem/UI/View/CommandButtonsView.cs
  artifactKey: Guid(1895746d8ddaadf4d94a04d890b31b6c) Importer(815301076,1909f56bfc062723c751e8b465ee728b)
Start importing Assets/Scripts/UserControlSystem/UI/View/CommandButtonsView.cs using Guid(1895746d8ddaadf4d94a04d890b31b6c) Importer(815301076,1909f56bfc062723c751e8b465ee728b)  -> (artifact id: 'ab9820eb65ab5935268e8194a345f4d1') in 0.002400 seconds
  Import took 0.006385 seconds .

AssetImportWorkerClient::OnTransportError - code=2 error=End of file
