Using pre-set license
Built from '2020.3/staging' branch; Version is '2020.3.4f1 (0abb6314276a) revision 703331'; Using compiler version '192528614'; Build Type 'Release'
OS: 'Windows 10 Pro; OS build 19042.985; Version 2009; 64bit' Language: 'ru' Physical Memory: 16326 MB
BatchMode: 1, IsHumanControllingUs: 0, StartBugReporterOnCrash: 0, Is64bit: 1, IsPro: 0

 COMMAND LINE ARGUMENTS:
C:\Program Files\Unity\Hub\Editor\2020.3.4f1\Editor\Unity.exe
-adb2
-batchMode
-noUpm
-name
AssetImportWorker0
-projectPath
E:/Unity/RTS
-logFile
Logs/AssetImportWorker0.log
-srvPort
54256
Successfully changed project path to: E:/Unity/RTS
E:/Unity/RTS
Using Asset Import Pipeline V2.
Refreshing native plugins compatible for Editor in 29.54 ms, found 0 plugins.
Preloading 0 native plugins for Editor in 0.00 ms.
Initialize engine version: 2020.3.4f1 (0abb6314276a)
[Subsystems] Discovering subsystems at path C:/Program Files/Unity/Hub/Editor/2020.3.4f1/Editor/Data/Resources/UnitySubsystems
[Subsystems] Discovering subsystems at path E:/Unity/RTS/Assets
GfxDevice: creating device client; threaded=0
Direct3D:
    Version:  Direct3D 11.0 [level 11.1]
    Renderer: NVIDIA GeForce RTX 2060 (ID=0x1e89)
    Vendor:   
    VRAM:     5967 MB
    Driver:   27.21.14.6647
Initialize mono
Mono path[0] = 'C:/Program Files/Unity/Hub/Editor/2020.3.4f1/Editor/Data/Managed'
Mono path[1] = 'C:/Program Files/Unity/Hub/Editor/2020.3.4f1/Editor/Data/MonoBleedingEdge/lib/mono/unityjit'
Mono config path = 'C:/Program Files/Unity/Hub/Editor/2020.3.4f1/Editor/Data/MonoBleedingEdge/etc'
Using monoOptions --debugger-agent=transport=dt_socket,embedding=1,server=y,suspend=n,address=127.0.0.1:56756
Begin MonoManager ReloadAssembly
Registering precompiled unity dll's ...
Register platform support module: C:/Program Files/Unity/Hub/Editor/2020.3.4f1/Editor/Data/PlaybackEngines/WindowsStandaloneSupport/UnityEditor.WindowsStandalone.Extensions.dll
Registered in 0.002195 seconds.
Native extension for WindowsStandalone target not found
Refreshing native plugins compatible for Editor in 34.32 ms, found 0 plugins.
Preloading 0 native plugins for Editor in 0.00 ms.
Mono: successfully reloaded assembly
- Completed reload, in  2.133 seconds
Platform modules already initialized, skipping
Registering precompiled user dll's ...
Registered in 0.000768 seconds.
Begin MonoManager ReloadAssembly
Native extension for WindowsStandalone target not found
Refreshing native plugins compatible for Editor in 0.26 ms, found 0 plugins.
Preloading 0 native plugins for Editor in 0.00 ms.
Mono: successfully reloaded assembly
- Completed reload, in  0.854 seconds
Platform modules already initialized, skipping
========================================================================
Worker process is ready to serve import requests
Launched and connected shader compiler UnityShaderCompiler.exe after 0.06 seconds
Refreshing native plugins compatible for Editor in 0.29 ms, found 0 plugins.
Preloading 0 native plugins for Editor in 0.00 ms.
Unloading 1189 Unused Serialized files (Serialized files now loaded: 0)
System memory in use before: 69.2 MB.
System memory in use after: 69.2 MB.

Unloading 9 unused Assets to reduce memory usage. Loaded Objects now: 1638.
Total: 1.655200 ms (FindLiveObjects: 0.146400 ms CreateObjectMapping: 0.043200 ms MarkObjects: 1.368200 ms  DeleteObjects: 0.095700 ms)

========================================================================
Received Import Request.
  path: Assets/OutlineEffect/OutlineEffect/LinkedSet.cs
  artifactKey: Guid(4bb8010dd287d4dd1b86b997bbaf77f2) Importer(815301076,1909f56bfc062723c751e8b465ee728b)
Start importing Assets/OutlineEffect/OutlineEffect/LinkedSet.cs using Guid(4bb8010dd287d4dd1b86b997bbaf77f2) Importer(815301076,1909f56bfc062723c751e8b465ee728b)  -> (artifact id: '9ab623358b7f8c604033ab95ab8c7130') in 0.033201 seconds
  Import took 0.040386 seconds .

========================================================================
Received Import Request.
  Time since last request: 0.000293 seconds.
  path: Assets/OutlineEffect/OutlineEffect/Resources
  artifactKey: Guid(e625112f8ab0a1444a216f2908a26fcf) Importer(815301076,1909f56bfc062723c751e8b465ee728b)
Start importing Assets/OutlineEffect/OutlineEffect/Resources using Guid(e625112f8ab0a1444a216f2908a26fcf) Importer(815301076,1909f56bfc062723c751e8b465ee728b)  -> (artifact id: '512e524e87056c1c1f4a34cac62384a8') in 0.001972 seconds
  Import took 0.003850 seconds .

========================================================================
Received Prepare
Refreshing native plugins compatible for Editor in 0.74 ms, found 0 plugins.
Preloading 0 native plugins for Editor in 0.00 ms.
Unloading 3 Unused Serialized files (Serialized files now loaded: 0)
System memory in use before: 43.5 MB.
System memory in use after: 43.6 MB.

Unloading 2 unused Assets to reduce memory usage. Loaded Objects now: 1638.
Total: 1.444200 ms (FindLiveObjects: 0.136500 ms CreateObjectMapping: 0.037500 ms MarkObjects: 1.256600 ms  DeleteObjects: 0.012600 ms)

========================================================================
Received Prepare
Registering precompiled user dll's ...
Registered in 0.001100 seconds.
Begin MonoManager ReloadAssembly
Native extension for WindowsStandalone target not found
Refreshing native plugins compatible for Editor in 0.26 ms, found 0 plugins.
Preloading 0 native plugins for Editor in 0.00 ms.
Mono: successfully reloaded assembly
- Completed reload, in  0.864 seconds
Platform modules already initialized, skipping
Refreshing native plugins compatible for Editor in 0.27 ms, found 0 plugins.
Preloading 0 native plugins for Editor in 0.00 ms.
Unloading 1154 Unused Serialized files (Serialized files now loaded: 0)
System memory in use before: 66.5 MB.
System memory in use after: 66.5 MB.

Unloading 4 unused Assets to reduce memory usage. Loaded Objects now: 1641.
Total: 1.475900 ms (FindLiveObjects: 0.125200 ms CreateObjectMapping: 0.031700 ms MarkObjects: 1.302800 ms  DeleteObjects: 0.015000 ms)

========================================================================
Received Import Request.
  Time since last request: 25.548510 seconds.
  path: Assets/OutlineEffect/README.rtf
  artifactKey: Guid(be1807098ef98f7489da5527b50b664f) Importer(815301076,1909f56bfc062723c751e8b465ee728b)
Start importing Assets/OutlineEffect/README.rtf using Guid(be1807098ef98f7489da5527b50b664f) Importer(815301076,1909f56bfc062723c751e8b465ee728b)  -> (artifact id: 'ab7136220ea04ad40a12312af29e8d4f') in 0.020637 seconds
  Import took 0.022867 seconds .

========================================================================
Received Import Request.
  Time since last request: 2.272426 seconds.
  path: Assets/OutlineEffect/package.json
  artifactKey: Guid(c58131342f97de74fb38ef2ab0ee2c84) Importer(815301076,1909f56bfc062723c751e8b465ee728b)
Start importing Assets/OutlineEffect/package.json using Guid(c58131342f97de74fb38ef2ab0ee2c84) Importer(815301076,1909f56bfc062723c751e8b465ee728b)  -> (artifact id: '4f0e39871d05f07bf18183072a51fe6e') in 0.005182 seconds
  Import took 0.007330 seconds .

========================================================================
Received Import Request.
  Time since last request: 7.105912 seconds.
  path: Assets/OutlineEffect/OutlineEffect
  artifactKey: Guid(c4c7df3cabd56ba49a77ebe0bbc929bc) Importer(815301076,1909f56bfc062723c751e8b465ee728b)
Start importing Assets/OutlineEffect/OutlineEffect using Guid(c4c7df3cabd56ba49a77ebe0bbc929bc) Importer(815301076,1909f56bfc062723c751e8b465ee728b)  -> (artifact id: '194ebe5f6a4ba0c4487059257478c152') in 0.002726 seconds
  Import took 0.028181 seconds .

========================================================================
Received Import Request.
  Time since last request: 0.303618 seconds.
  path: Assets/OutlineEffect/LICENSE
  artifactKey: Guid(07af951583fb42a42924dfdc7e326563) Importer(815301076,1909f56bfc062723c751e8b465ee728b)
Start importing Assets/OutlineEffect/LICENSE using Guid(07af951583fb42a42924dfdc7e326563) Importer(815301076,1909f56bfc062723c751e8b465ee728b)  -> (artifact id: 'fb17056fcdc02fdeb954e192a359acb2') in 0.004105 seconds
  Import took 0.006051 seconds .

========================================================================
Received Prepare
Registering precompiled user dll's ...
Registered in 0.000746 seconds.
Begin MonoManager ReloadAssembly
Native extension for WindowsStandalone target not found
Refreshing native plugins compatible for Editor in 0.27 ms, found 0 plugins.
Preloading 0 native plugins for Editor in 0.00 ms.
Mono: successfully reloaded assembly
- Completed reload, in  0.898 seconds
Platform modules already initialized, skipping
Refreshing native plugins compatible for Editor in 0.31 ms, found 0 plugins.
Preloading 0 native plugins for Editor in 0.00 ms.
Unloading 1154 Unused Serialized files (Serialized files now loaded: 0)
System memory in use before: 66.5 MB.
System memory in use after: 66.6 MB.

Unloading 4 unused Assets to reduce memory usage. Loaded Objects now: 1644.
Total: 1.482200 ms (FindLiveObjects: 0.135000 ms CreateObjectMapping: 0.037100 ms MarkObjects: 1.293200 ms  DeleteObjects: 0.015300 ms)

========================================================================
Received Prepare
Registering precompiled user dll's ...
Registered in 0.000747 seconds.
Begin MonoManager ReloadAssembly
Native extension for WindowsStandalone target not found
Refreshing native plugins compatible for Editor in 0.31 ms, found 0 plugins.
Preloading 0 native plugins for Editor in 0.00 ms.
Mono: successfully reloaded assembly
- Completed reload, in  0.884 seconds
Platform modules already initialized, skipping
Refreshing native plugins compatible for Editor in 0.27 ms, found 0 plugins.
Preloading 0 native plugins for Editor in 0.00 ms.
Unloading 1154 Unused Serialized files (Serialized files now loaded: 0)
System memory in use before: 66.5 MB.
System memory in use after: 66.6 MB.

Unloading 4 unused Assets to reduce memory usage. Loaded Objects now: 1647.
Total: 1.609400 ms (FindLiveObjects: 0.251400 ms CreateObjectMapping: 0.036800 ms MarkObjects: 1.306100 ms  DeleteObjects: 0.013700 ms)

========================================================================
Received Prepare
Registering precompiled user dll's ...
Registered in 0.000696 seconds.
Begin MonoManager ReloadAssembly
Native extension for WindowsStandalone target not found
Refreshing native plugins compatible for Editor in 0.29 ms, found 0 plugins.
Preloading 0 native plugins for Editor in 0.00 ms.
Mono: successfully reloaded assembly
- Completed reload, in  1.025 seconds
Platform modules already initialized, skipping
Refreshing native plugins compatible for Editor in 0.28 ms, found 0 plugins.
Preloading 0 native plugins for Editor in 0.00 ms.
Unloading 1154 Unused Serialized files (Serialized files now loaded: 0)
System memory in use before: 66.5 MB.
System memory in use after: 66.6 MB.

Unloading 4 unused Assets to reduce memory usage. Loaded Objects now: 1650.
Total: 3.527000 ms (FindLiveObjects: 0.244300 ms CreateObjectMapping: 0.075400 ms MarkObjects: 3.174900 ms  DeleteObjects: 0.029700 ms)

========================================================================
Received Import Request.
  Time since last request: 217.039726 seconds.
  path: Assets/Scripts/UserControlSystem/UI/Presenter/MouseInteractionsPresenter.cs
  artifactKey: Guid(01f2b2614ea84974b9232ac90b82ed2d) Importer(815301076,1909f56bfc062723c751e8b465ee728b)
Start importing Assets/Scripts/UserControlSystem/UI/Presenter/MouseInteractionsPresenter.cs using Guid(01f2b2614ea84974b9232ac90b82ed2d) Importer(815301076,1909f56bfc062723c751e8b465ee728b)  -> (artifact id: '8f2fffbd3c9d09c18263f5a98179a786') in 0.007651 seconds
  Import took 0.009736 seconds .

========================================================================
Received Import Request.
  Time since last request: 0.005135 seconds.
  path: Assets/Scripts/UserControlSystem/UI/Presenter/MouseInteractionsPresenter.cs
  artifactKey: Guid(01f2b2614ea84974b9232ac90b82ed2d) Importer(815301076,1909f56bfc062723c751e8b465ee728b)
Start importing Assets/Scripts/UserControlSystem/UI/Presenter/MouseInteractionsPresenter.cs using Guid(01f2b2614ea84974b9232ac90b82ed2d) Importer(815301076,1909f56bfc062723c751e8b465ee728b)  -> (artifact id: '8f2fffbd3c9d09c18263f5a98179a786') in 0.002945 seconds
  Import took 0.005649 seconds .

========================================================================
Received Prepare
Registering precompiled user dll's ...
Registered in 0.000670 seconds.
Begin MonoManager ReloadAssembly
Native extension for WindowsStandalone target not found
Refreshing native plugins compatible for Editor in 0.31 ms, found 0 plugins.
Preloading 0 native plugins for Editor in 0.00 ms.
Mono: successfully reloaded assembly
- Completed reload, in  0.968 seconds
Platform modules already initialized, skipping
Refreshing native plugins compatible for Editor in 0.32 ms, found 0 plugins.
Preloading 0 native plugins for Editor in 0.00 ms.
Unloading 1154 Unused Serialized files (Serialized files now loaded: 0)
System memory in use before: 66.5 MB.
System memory in use after: 66.6 MB.

Unloading 4 unused Assets to reduce memory usage. Loaded Objects now: 1653.
Total: 2.183300 ms (FindLiveObjects: 0.281000 ms CreateObjectMapping: 0.112300 ms MarkObjects: 1.770300 ms  DeleteObjects: 0.017500 ms)

========================================================================
Received Prepare
Registering precompiled user dll's ...
Registered in 0.000706 seconds.
Begin MonoManager ReloadAssembly
Native extension for WindowsStandalone target not found
Refreshing native plugins compatible for Editor in 0.27 ms, found 0 plugins.
Preloading 0 native plugins for Editor in 0.00 ms.
Mono: successfully reloaded assembly
- Completed reload, in  1.336 seconds
Platform modules already initialized, skipping
Refreshing native plugins compatible for Editor in 0.28 ms, found 0 plugins.
Preloading 0 native plugins for Editor in 0.00 ms.
Unloading 1154 Unused Serialized files (Serialized files now loaded: 0)
System memory in use before: 66.5 MB.
System memory in use after: 66.6 MB.

Unloading 4 unused Assets to reduce memory usage. Loaded Objects now: 1656.
Total: 2.229900 ms (FindLiveObjects: 0.216100 ms CreateObjectMapping: 0.071100 ms MarkObjects: 1.926000 ms  DeleteObjects: 0.015000 ms)

========================================================================
Received Import Request.
  Time since last request: 142.330926 seconds.
  path: Assets/Scripts/UserControlSystem/UI/Presenter/MouseInteractionsPresenter.cs
  artifactKey: Guid(01f2b2614ea84974b9232ac90b82ed2d) Importer(815301076,1909f56bfc062723c751e8b465ee728b)
Start importing Assets/Scripts/UserControlSystem/UI/Presenter/MouseInteractionsPresenter.cs using Guid(01f2b2614ea84974b9232ac90b82ed2d) Importer(815301076,1909f56bfc062723c751e8b465ee728b)  -> (artifact id: '82d3818ca4c25d264421c816f6088a2d') in 0.004578 seconds
  Import took 0.010955 seconds .

========================================================================
Received Prepare
Registering precompiled user dll's ...
Registered in 0.000789 seconds.
Begin MonoManager ReloadAssembly
Native extension for WindowsStandalone target not found
Refreshing native plugins compatible for Editor in 0.42 ms, found 0 plugins.
Preloading 0 native plugins for Editor in 0.00 ms.
Mono: successfully reloaded assembly
- Completed reload, in  1.287 seconds
Platform modules already initialized, skipping
Refreshing native plugins compatible for Editor in 0.27 ms, found 0 plugins.
Preloading 0 native plugins for Editor in 0.00 ms.
Unloading 1154 Unused Serialized files (Serialized files now loaded: 0)
System memory in use before: 66.5 MB.
System memory in use after: 66.6 MB.

Unloading 4 unused Assets to reduce memory usage. Loaded Objects now: 1659.
Total: 1.591200 ms (FindLiveObjects: 0.161200 ms CreateObjectMapping: 0.046400 ms MarkObjects: 1.365600 ms  DeleteObjects: 0.017000 ms)

========================================================================
Received Prepare
Refreshing native plugins compatible for Editor in 1.08 ms, found 0 plugins.
Preloading 0 native plugins for Editor in 0.00 ms.
Unloading 3 Unused Serialized files (Serialized files now loaded: 0)
System memory in use before: 43.7 MB.
System memory in use after: 43.8 MB.

Unloading 2 unused Assets to reduce memory usage. Loaded Objects now: 1659.
Total: 3.234100 ms (FindLiveObjects: 0.240600 ms CreateObjectMapping: 0.076100 ms MarkObjects: 2.886400 ms  DeleteObjects: 0.028200 ms)

AssetImportWorkerClient::OnTransportError - code=2 error=End of file
